Build started 10/16/2016 9:23:19 PM.
     1>Project "E:\GDK\Draft Lib\DraftLib\DraftLib\DraftLib.vcxproj" on node 2 (Build target(s)).
     1>ClCompile:
         D:\Program Files (x86)\Microsoft Visual Studio 12.0\VC\bin\x86_amd64\CL.exe /c /ID:\LMI\GDK\Platform\kVision /ID:\LMI\GDK\Platform\kServer /ID:\LMI\GDK\ /ID:\LMI\GDK\Platform\kApi /ID:\LMI\GDK\Platform\kFireSync /Zi /nologo /W3 /WX- /sdl /O2 /Oi /GL /D _MBCS /Gm- /EHsc /MD /GS /Gy /fp:precise /Zc:wchar_t /Zc:forScope /Fo"x64\Release\\" /Fd"x64\Release\vc120.pdb" /Gd /TC /errorReport:prompt GDKUtility.c Profile.c Surface.c Surface\Surface_Edge.c Surface\Surface_Fitting.c Surface\Surface_Geometry.c Surface\Surface_Image.c Surface\Surface_Z.c Utility\Utility_Debug.c Utility\Utility_Graphics.c Utility\Utility_Surface.c Utility\Utility_Surface_Visualization.c Utility\Utility_Transform.c
         GDKUtility.c
         Profile.c
         Surface.c
         Surface_Edge.c
         Surface_Fitting.c
         Surface_Geometry.c
         Surface_Image.c
         Surface_Z.c
         Utility_Debug.c
         Utility_Graphics.c
         Utility_Surface.c
         Utility_Surface_Visualization.c
         Utility_Transform.c
       Link:
         D:\Program Files (x86)\Microsoft Visual Studio 12.0\VC\bin\x86_amd64\link.exe /ERRORREPORT:PROMPT /OUT:"E:\GDK\Draft Lib\DraftLib\x64\Release\DraftLib.exe" /NOLOGO kernel32.lib user32.lib gdi32.lib winspool.lib comdlg32.lib advapi32.lib shell32.lib ole32.lib oleaut32.lib uuid.lib odbc32.lib odbccp32.lib /MANIFEST /MANIFESTUAC:"level='asInvoker' uiAccess='false'" /manifest:embed /DEBUG /PDB:"E:\GDK\Draft Lib\DraftLib\x64\Release\DraftLib.pdb" /OPT:REF /OPT:ICF /LTCG /TLBID:1 /DYNAMICBASE /NXCOMPAT /IMPLIB:"E:\GDK\Draft Lib\DraftLib\x64\Release\DraftLib.lib" /MACHINE:X64 x64\Release\GDKUtility.obj
         x64\Release\Profile.obj
         x64\Release\Surface.obj
         x64\Release\Surface_Edge.obj
         x64\Release\Surface_Fitting.obj
         x64\Release\Surface_Geometry.obj
         x64\Release\Surface_Image.obj
         x64\Release\Surface_Z.obj
         x64\Release\Utility_Debug.obj
         x64\Release\Utility_Graphics.obj
         x64\Release\Utility_Surface.obj
         x64\Release\Utility_Surface_Visualization.obj
         x64\Release\Utility_Transform.obj
            Creating library E:\GDK\Draft Lib\DraftLib\x64\Release\DraftLib.lib and object E:\GDK\Draft Lib\DraftLib\x64\Release\DraftLib.exp
     1>LINK : fatal error LNK1561: entry point must be defined
     1>Done Building Project "E:\GDK\Draft Lib\DraftLib\DraftLib\DraftLib.vcxproj" (Build target(s)) -- FAILED.

Build FAILED.

Time Elapsed 00:00:08.35
