e:\gdk\draft lib\draftlib\draftlib\debug\vc120.pdb
e:\gdk\draft lib\draftlib\draftlib\debug\vc120.idb
e:\gdk\draft lib\draftlib\draftlib\debug\gdkutility.obj
e:\gdk\draft lib\draftlib\draftlib\debug\profile.obj
e:\gdk\draft lib\draftlib\draftlib\debug\surface.obj
e:\gdk\draft lib\draftlib\draftlib\debug\surfaceedge.obj
e:\gdk\draft lib\draftlib\draftlib\debug\utility_surface.obj
e:\gdk\draft lib\draftlib\draftlib\debug\utility_transform.obj
e:\gdk\draft lib\draftlib\draftlib\debug\surfaceimage.obj
e:\gdk\draft lib\draftlib\draftlib\debug\surfacez.obj
e:\gdk\draft lib\draftlib\draftlib\debug\surface_edge.obj
e:\gdk\draft lib\draftlib\draftlib\debug\surface_image.obj
e:\gdk\draft lib\draftlib\draftlib\debug\surface_z.obj
e:\gdk\draft lib\draftlib\draftlib\debug\utility_debug.obj
e:\gdk\draft lib\draftlib\draftlib\debug\utility_surface_visualization.obj
e:\gdk\draft lib\draftlib\draftlib\debug\utility_graphics.obj
e:\gdk\draft lib\draftlib\debug\draftlib.lib
e:\gdk\draft lib\draftlib\debug\draftlib.exp
e:\gdk\draft lib\draftlib\debug\draftlib.pdb
e:\gdk\draft lib\draftlib\draftlib\debug\draftlib.tlog\cl.command.1.tlog
e:\gdk\draft lib\draftlib\draftlib\debug\draftlib.tlog\cl.read.1.tlog
e:\gdk\draft lib\draftlib\draftlib\debug\draftlib.tlog\cl.write.1.tlog
e:\gdk\draft lib\draftlib\draftlib\debug\draftlib.tlog\draftlib.write.1u.tlog
e:\gdk\draft lib\draftlib\draftlib\debug\draftlib.tlog\link.7696-cvtres.read.1.tlog
e:\gdk\draft lib\draftlib\draftlib\debug\draftlib.tlog\link.7696-cvtres.write.1.tlog
e:\gdk\draft lib\draftlib\draftlib\debug\draftlib.tlog\link.7696-rc.read.1.tlog
e:\gdk\draft lib\draftlib\draftlib\debug\draftlib.tlog\link.7696-rc.write.1.tlog
e:\gdk\draft lib\draftlib\draftlib\debug\draftlib.tlog\link.7696.read.1.tlog
e:\gdk\draft lib\draftlib\draftlib\debug\draftlib.tlog\link.7696.write.1.tlog
e:\gdk\draft lib\draftlib\draftlib\debug\draftlib.tlog\link.command.1.tlog
e:\gdk\draft lib\draftlib\draftlib\debug\draftlib.tlog\link.read.1.tlog
e:\gdk\draft lib\draftlib\draftlib\debug\draftlib.tlog\link.write.1.tlog
